<?xml version="1.0" encoding="UTF-8"?>
<!-- Generated by org.testng.reporters.JUnitReportReporter -->
<testsuite skipped="0" hostname="E4999-Retail" name="basepage.BaseClassPage" tests="1" failures="0" timestamp="23 Jul 2020 19:08:54 GMT" time="0.025" errors="0">
  <testcase name="test" time="0.025" classname="basepage.BaseClassPage"/>
</testsuite> <!-- basepage.BaseClassPage -->
