<?xml version="1.0" encoding="UTF-8"?>
<!-- Generated by org.testng.reporters.JUnitReportReporter -->
<testsuite skipped="0" hostname="E4999-Retail" name="testcase.LoginTestCase" tests="1" failures="0" timestamp="02 Sep 2020 07:47:18 GMT" time="4.305" errors="0">
  <testcase name="userlogin" time="4.305" classname="testcase.LoginTestCase"/>
</testsuite> <!-- testcase.LoginTestCase -->
